-------------------------------------------------------------------------------
Test set: com.promineotech.jeep.controller.FetchJeepTest
-------------------------------------------------------------------------------
Tests run: 1, Failures: 0, Errors: 1, Skipped: 0, Time elapsed: 3.986 s <<< FAILURE! - in com.promineotech.jeep.controller.FetchJeepTest
testThatJeepsAreReturnedWhenAValidModelAndTrimAreSupplied  Time elapsed: 0.67 s  <<< ERROR!
org.springframework.jdbc.datasource.init.CannotReadScriptException: Cannot read SQL script from class path resource [flyway/migrations/V1.0_Jeep_Schema.sql]; nested exception is java.io.FileNotFoundException: class path resource [flyway/migrations/V1.0_Jeep_Schema.sql] cannot be opened because it does not exist
Caused by: java.io.FileNotFoundException: class path resource [flyway/migrations/V1.0_Jeep_Schema.sql] cannot be opened because it does not exist

